[debug] [2026-03-19T22:18:26.033Z] ----------------------------------------------------------------------
[debug] [2026-03-19T22:18:26.038Z] Command:       C:\Program Files\nodejs\node.exe C:\Users\cleme\AppData\Roaming\npm\node_modules\firebase-tools\lib\bin\firebase.js init hosting
[debug] [2026-03-19T22:18:26.039Z] CLI Version:   15.11.0
[debug] [2026-03-19T22:18:26.039Z] Platform:      win32
[debug] [2026-03-19T22:18:26.039Z] Node Version:  v25.2.1
[debug] [2026-03-19T22:18:26.039Z] Time:          Thu Mar 19 2026 22:18:26 GMT+0000 (Greenwich Mean Time)
[debug] [2026-03-19T22:18:26.040Z] ----------------------------------------------------------------------
[debug] 
[info] 
     ######## #### ########  ######## ########     ###     ######  ########
     ##        ##  ##     ## ##       ##     ##  ##   ##  ##       ##
     ######    ##  ########  ######   ########  #########  ######  ######
     ##        ##  ##    ##  ##       ##     ## ##     ##       ## ##
     ##       #### ##     ## ######## ########  ##     ##  ######  ########

You're about to initialize a Firebase project in this directory:

  C:\Users\cleme\OneDrive\Documents\GitHub\IKAMS

[info] 
=== Project Setup
[info] 
[info] First, let's associate this project directory with a Firebase project.
[info] You can create multiple project aliases by running firebase use --add, 
[info] 
[debug] [2026-03-19T22:18:31.383Z] > command requires scopes: ["email","openid","https://www.googleapis.com/auth/cloudplatformprojects.readonly","https://www.googleapis.com/auth/firebase","https://www.googleapis.com/auth/cloud-platform"]
[debug] [2026-03-19T22:18:31.384Z] > authorizing via signed-in user (osafoparrypatrickjoseph@gmail.com)
[debug] [2026-03-19T22:18:31.385Z] Checked if tokens are valid: true, expires at: 1773961664900
[debug] [2026-03-19T22:18:31.385Z] Checked if tokens are valid: true, expires at: 1773961664900
[debug] [2026-03-19T22:18:31.386Z] >>> [apiv2][query] GET https://firebase.googleapis.com/v1beta1/projects/ikams-647cc [none]
[debug] [2026-03-19T22:18:32.420Z] <<< [apiv2][status] GET https://firebase.googleapis.com/v1beta1/projects/ikams-647cc 200
[debug] [2026-03-19T22:18:32.420Z] <<< [apiv2][body] GET https://firebase.googleapis.com/v1beta1/projects/ikams-647cc {"projectId":"ikams-647cc","projectNumber":"455758407870","displayName":"IKAMS","name":"projects/ikams-647cc","resources":{"hostingSite":"ikams-647cc"},"state":"ACTIVE","etag":"1_399b1108-f2e5-4438-9725-5fc8dba013c2"}
[info] i  Using project ikams-647cc (IKAMS) . 
[info] 
=== Hosting Setup
[debug] [2026-03-19T22:18:58.839Z] Checked if tokens are valid: true, expires at: 1773961664900
[debug] [2026-03-19T22:18:58.839Z] Checked if tokens are valid: true, expires at: 1773961664900
[debug] [2026-03-19T22:18:58.840Z] >>> [apiv2][query] GET https://firebase.googleapis.com/v1beta1/projects/ikams-647cc [none]
[debug] [2026-03-19T22:18:59.612Z] <<< [apiv2][status] GET https://firebase.googleapis.com/v1beta1/projects/ikams-647cc 200
[debug] [2026-03-19T22:18:59.613Z] <<< [apiv2][body] GET https://firebase.googleapis.com/v1beta1/projects/ikams-647cc {"projectId":"ikams-647cc","projectNumber":"455758407870","displayName":"IKAMS","name":"projects/ikams-647cc","resources":{"hostingSite":"ikams-647cc"},"state":"ACTIVE","etag":"1_399b1108-f2e5-4438-9725-5fc8dba013c2"}
[info] 
[info] Your public directory is the folder (relative to your project directory) that
[info] will contain Hosting assets to be uploaded with firebase deploy. If you
[info] have a build process for your assets, use your build's output directory.
[info] 
[info] 
[info] i  Detected a .git folder at C:\Users\cleme\OneDrive\Documents\GitHub\IKAMS 
[info] i  Authorizing with GitHub to upload your service account to a GitHub repository's secrets store. 
[info] 
[info] Visit this URL on this device to log in:
[info] https://github.com/login/oauth/authorize?client_id=89cf50f02ac6aaed3484&state=71880971&redirect_uri=http%3A%2F%2Flocalhost%3A9005&scope=read%3Auser%20repo%20public_repo
[info] 
[info] Waiting for authentication...
[debug] [2026-03-19T22:19:55.466Z] >>> [apiv2][query] POST https://github.com/login/oauth/access_token [none]
[debug] [2026-03-19T22:19:55.467Z] >>> [apiv2][body] POST https://github.com/login/oauth/access_token [stream]
[debug] [2026-03-19T22:19:56.788Z] <<< [apiv2][status] POST https://github.com/login/oauth/access_token 200
[debug] [2026-03-19T22:19:56.789Z] <<< [apiv2][body] POST https://github.com/login/oauth/access_token {"access_token":"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","token_type":"bearer","scope":"read:user,repo"}
[debug] [2026-03-19T22:19:56.809Z] >>> [apiv2][query] GET https://api.github.com/user [none]
[debug] [2026-03-19T22:19:58.100Z] <<< [apiv2][status] GET https://api.github.com/user 200
[debug] [2026-03-19T22:19:58.101Z] <<< [apiv2][body] GET https://api.github.com/user {"login":"Quantumj1","id":126617989,"node_id":"U_kgDOB4wJhQ","avatar_url":"https://avatars.githubusercontent.com/u/126617989?v=4","gravatar_id":"","url":"https://api.github.com/users/Quantumj1","html_url":"https://github.com/Quantumj1","followers_url":"https://api.github.com/users/Quantumj1/followers","following_url":"https://api.github.com/users/Quantumj1/following{/other_user}","gists_url":"https://api.github.com/users/Quantumj1/gists{/gist_id}","starred_url":"https://api.github.com/users/Quantumj1/starred{/owner}{/repo}","subscriptions_url":"https://api.github.com/users/Quantumj1/subscriptions","organizations_url":"https://api.github.com/users/Quantumj1/orgs","repos_url":"https://api.github.com/users/Quantumj1/repos","events_url":"https://api.github.com/users/Quantumj1/events{/privacy}","received_events_url":"https://api.github.com/users/Quantumj1/received_events","type":"User","user_view_type":"private","site_admin":false,"name":"Quantumj1","company":null,"blog":"","location":null,"email":null,"hireable":null,"bio":null,"twitter_username":null,"notification_email":null,"public_repos":20,"public_gists":0,"followers":1,"following":0,"created_at":"2023-02-28T20:37:35Z","updated_at":"2026-03-19T22:20:47Z","private_gists":0,"total_private_repos":1,"owned_private_repos":1,"disk_usage":54437,"collaborators":0,"two_factor_authentication":false,"plan":{"name":"free","space":976562499,"collaborators":0,"private_repos":10000}}
[info] 
[info] +  Success! Logged into GitHub as Quantumj1 
[info] 
[debug] [2026-03-19T22:20:33.504Z] >>> [apiv2][query] GET https://api.github.com/repos/IKAMS/actions/secrets/public-key type=owner
[debug] [2026-03-19T22:20:34.358Z] <<< [apiv2][status] GET https://api.github.com/repos/IKAMS/actions/secrets/public-key 404
[debug] [2026-03-19T22:20:34.359Z] <<< [apiv2][body] GET https://api.github.com/repos/IKAMS/actions/secrets/public-key {"message":"Not Found","documentation_url":"https://docs.github.com/rest","status":"404"}
[info] 
[info] 
[error] !  The provided authorization cannot be used with this repository. If this repository is in an organization, did you remember to grant access? 
[info] 
[info] i  Action required: Visit this URL to ensure access has been granted to the appropriate organization(s) for the Firebase CLI GitHub OAuth App: 
[info] https://github.com/settings/connections/applications/89cf50f02ac6aaed3484
[info] 
[debug] [2026-03-19T22:20:53.605Z] >>> [apiv2][query] GET https://api.github.com/repos/IKAMS/actions/secrets/public-key type=owner
[debug] [2026-03-19T22:20:54.317Z] <<< [apiv2][status] GET https://api.github.com/repos/IKAMS/actions/secrets/public-key 404
[debug] [2026-03-19T22:20:54.317Z] <<< [apiv2][body] GET https://api.github.com/repos/IKAMS/actions/secrets/public-key {"message":"Not Found","documentation_url":"https://docs.github.com/rest","status":"404"}
[info] 
[info] 
[error] !  The provided authorization cannot be used with this repository. If this repository is in an organization, did you remember to grant access? 
[info] 
[info] i  Action required: Visit this URL to ensure access has been granted to the appropriate organization(s) for the Firebase CLI GitHub OAuth App: 
[info] https://github.com/settings/connections/applications/89cf50f02ac6aaed3484
[info] 
[debug] [2026-03-19T22:21:03.388Z] >>> [apiv2][query] GET https://api.github.com/repos/repository/actions/secrets/public-key type=owner
[debug] [2026-03-19T22:21:04.135Z] <<< [apiv2][status] GET https://api.github.com/repos/repository/actions/secrets/public-key 404
[debug] [2026-03-19T22:21:04.136Z] <<< [apiv2][body] GET https://api.github.com/repos/repository/actions/secrets/public-key {"message":"Not Found","documentation_url":"https://docs.github.com/rest","status":"404"}
[info] 
[info] 
[error] !  The provided authorization cannot be used with this repository. If this repository is in an organization, did you remember to grant access? 
[info] 
[info] i  Action required: Visit this URL to ensure access has been granted to the appropriate organization(s) for the Firebase CLI GitHub OAuth App: 
[info] https://github.com/settings/connections/applications/89cf50f02ac6aaed3484
[info] 
[debug] [2026-03-19T22:21:13.475Z] >>> [apiv2][query] GET https://api.github.com/repos//actions/secrets/public-key type=owner
[debug] [2026-03-19T22:21:14.581Z] <<< [apiv2][status] GET https://api.github.com/repos//actions/secrets/public-key 404
[debug] [2026-03-19T22:21:14.581Z] <<< [apiv2][body] GET https://api.github.com/repos//actions/secrets/public-key {"message":"Not Found","documentation_url":"https://docs.github.com/rest","status":"404"}
[info] 
[info] 
[error] !  The provided authorization cannot be used with this repository. If this repository is in an organization, did you remember to grant access? 
[info] 
[info] i  Action required: Visit this URL to ensure access has been granted to the appropriate organization(s) for the Firebase CLI GitHub OAuth App: 
[info] https://github.com/settings/connections/applications/89cf50f02ac6aaed3484
[info] 
